EQGAIPRLVQLLVRAHQDTQRRTSMGGT
EQGIIPRLVQLLVRAHQDTQRRTSMGGT
EQGANPRLVQLLVRAHQDTQRRTSMGGT
EQGAIPRLVQLLVRALQDTQRRTSMGGT
EQGILPRLVQLLVRAHQDTQRRTSMGGT
EQGAIPRLVQLLVRAHQDTQRRSSMGGT
EQVAIPQLVQLLVRAHQDTQRRTSMGGT
EQGAIPVLVQLLVRAHWDTQRRTSMGGT
EQGAIPRLVQLLVRAHQDTQIRTSMGGT
EQGAIPQLVQLLVRAHQDTQRRTSMGGT
EQGARPVLVQLLVRAHQDTQRRTSMGGT
EQGAIPVLVQLLVPAHQDTQRRTSMGGT
EQGSIPRLVQLLVRAHQDTQRRTSMGGT
EQGAIPRLVQLLVRAHQDTQRQSSMGGT
EWGALPQLVQLLVRAHQDTQRRTSMGGT
[    0.             0.        ]EQGAIPVLVQLLVRAHQDTQRRTSMGGT
[28845.12512351 28845.12512351]
[28871.8470331  28871.8470331 ]
[28911.70720883 28911.70720883]
[29024.85571462 29024.85571462]
[29009.35316124 29009.35316124]
[28861.43538035 28861.43538035]
[28947.14882245 28947.14882245]
[29109.3913485  29109.3913485 ]
[29028.42584564 29028.42584564]
[28973.89707116 28973.89707116]
[28969.09629033 28969.09629033]
[29020.59029887 29020.59029887]
[29068.92263371 29068.92263371]
[28965.77563946 28965.77563946]
[29006.72601067 29006.72601067]
